[0m[[0mdebug[0m] [0mRunning TaskDef(TrivialTestSuite, org.scalatest.tools.Framework$$anon$1@6cdaeaac, false, [SuiteSelector])[0m
[0m[[0mdebug[0m] [0mSummary for ScalaCheck not available.[0m
[0m[[0minfo[0m] [0mScalaTest[0m
[0m[[0minfo[0m] [0m[36mRun completed in 205 milliseconds.[0m[0m
[0m[[0minfo[0m] [0m[36mTotal number of tests run: 7[0m[0m
[0m[[0minfo[0m] [0m[36mSuites: completed 1, aborted 0[0m[0m
[0m[[0minfo[0m] [0m[36mTests: succeeded 1, failed 6, canceled 0, ignored 0, pending 0[0m[0m
[0m[[0minfo[0m] [0m[31m*** 6 TESTS FAILED ***[0m[0m
[0m[[31merror[0m] [0mFailed: Total 7, Failed 6, Errors 0, Passed 1[0m
[0m[[31merror[0m] [0mFailed tests:[0m
[0m[[31merror[0m] [0m	TrivialTestSuite[0m
[0m[[31merror[0m] [0m(test:[31mtest[0m) sbt.TestsFailedException: Tests unsuccessful[0m
