<?xml version='1.0' encoding='UTF-8'?>
<testsuite hostname="1x-nat-vl930-172-30-121-136.wireless.umass.edu" name="TrivialTestSuite" tests="21" errors="0" failures="0" time="0.014">
                     <properties>
[...]
</properties>
                     <testcase classname="TrivialTestSuite" name="The Regexes object must be defined" time="0.008">
                                                 
                                               </testcase><testcase classname="TrivialTestSuite" name="a1" time="0.002">
                                                 
                                               </testcase><testcase classname="TrivialTestSuite" name="a2" time="0.001">
                                                 
                                               </testcase><testcase classname="TrivialTestSuite" name="b1" time="0.0">
                                                 
                                               </testcase><testcase classname="TrivialTestSuite" name="b2" time="0.001">
                                                 
                                               </testcase><testcase classname="TrivialTestSuite" name="b3" time="0.0">
                                                 
                                               </testcase><testcase classname="TrivialTestSuite" name="c1" time="0.0">
                                                 
                                               </testcase><testcase classname="TrivialTestSuite" name="c2" time="0.0">
                                                 
                                               </testcase><testcase classname="TrivialTestSuite" name="d1" time="0.0">
                                                 
                                               </testcase><testcase classname="TrivialTestSuite" name="d2" time="0.0">
                                                 
                                               </testcase><testcase classname="TrivialTestSuite" name="e" time="0.0">
                                                 
                                               </testcase><testcase classname="TrivialTestSuite" name="e2" time="0.0">
                                                 
                                               </testcase><testcase classname="TrivialTestSuite" name="f" time="0.0">
                                                 
                                               </testcase><testcase classname="TrivialTestSuite" name="f2" time="0.001">
                                                 
                                               </testcase><testcase classname="TrivialTestSuite" name="g" time="0.0">
                                                 
                                               </testcase><testcase classname="TrivialTestSuite" name="g2" time="0.0">
                                                 
                                               </testcase><testcase classname="TrivialTestSuite" name="g3" time="0.0">
                                                 
                                               </testcase><testcase classname="TrivialTestSuite" name="h1" time="0.0">
                                                 
                                               </testcase><testcase classname="TrivialTestSuite" name="h2" time="0.001">
                                                 
                                               </testcase><testcase classname="TrivialTestSuite" name="h3" time="0.0">
                                                 
                                               </testcase><testcase classname="TrivialTestSuite" name="z" time="0.0">
                                                 
                                               </testcase>
                     <system-out></system-out>
                     <system-err></system-err>
                   </testsuite>